###############################################################################
#                                                                             #
# IAR C/C++ Compiler V8.30.1.41636 for 8051             15/Oct/2017  11:48:32 #
# Copyright 2004-2013 IAR Systems AB.                                         #
#                                                                             #
#    Core               =  plain                                              #
#    Code model         =  banked                                             #
#    Data model         =  large                                              #
#    Calling convention =  xdata reentrant                                    #
#    Constant location  =  data_rom                                           #
#    Dptr setup         =  1,16                                               #
#                                                                             #
#    Source file        =  D:\简宝山\寿县17-09-01 25\程序\无线节点程序\code\P #
#                          rojects\zstack\Samples\SampleApp\Source\hardware\w #
#                          dt.c                                               #
#    Command line       =  -f "D:\简宝山\寿县17-09-01                         #
#                          25\程序\无线节点程序\code\Projects\zstack\Samples\ #
#                          SampleApp\CC2530DB\..\..\..\Tools\CC2530DB\f8wEnde #
#                          v.cfg" (-DCPU32MHZ -DROOT=__near_func              #
#                          -DMAC_CFG_TX_DATA_MAX=3 -DMAC_CFG_TX_MAX=6         #
#                          -DMAC_CFG_RX_MAX=3) -f "D:\简宝山\寿县17-09-01     #
#                          25\程序\无线节点程序\code\Projects\zstack\Samples\ #
#                          SampleApp\CC2530DB\..\..\..\Tools\CC2530DB\f8wConf #
#                          ig.cfg" (-DZIGBEEPRO -DSECURE=0                    #
#                          -DZG_SECURE_DYNAMIC=0 -DREFLECTOR                  #
#                          -DDEFAULT_CHANLIST=0x00000800                      #
#                          -DZDAPP_CONFIG_PAN_ID=0xFFF1                       #
#                          -DNWK_START_DELAY=100 -DEXTENDED_JOINING_RANDOM_MA #
#                          SK=0x007F -DBEACON_REQUEST_DELAY=100               #
#                          -DBEACON_REQ_DELAY_MASK=0x00FF                     #
#                          -DLINK_STATUS_JITTER_MASK=0x007F                   #
#                          -DROUTE_EXPIRY_TIME=30 -DAPSC_ACK_WAIT_DURATION_PO #
#                          LLED=3000 -DNWK_INDIRECT_MSG_TIMEOUT=7             #
#                          -DMAX_RREQ_ENTRIES=8 -DAPSC_MAX_FRAME_RETRIES=3    #
#                          -DNWK_MAX_DATA_RETRIES=2                           #
#                          -DMAX_POLL_FAILURE_RETRIES=2 -DMAX_BCAST=9         #
#                          -DAPS_MAX_GROUPS=16 -DMAX_RTG_ENTRIES=40           #
#                          -DNWK_MAX_BINDING_ENTRIES=4                        #
#                          -DMAX_BINDING_CLUSTER_IDS=4 "-DDEFAULT_KEY={0x01,  #
#                          0x03, 0x05, 0x07, 0x09, 0x0B, 0x0D, 0x0F, 0x00,    #
#                          0x02, 0x04, 0x06, 0x08, 0x0A, 0x0C, 0x0D}"         #
#                          -DMAC_MAX_FRAME_SIZE=116                           #
#                          -DZDNWKMGR_MIN_TRANSMISSIONS=20 "-DCONST=const     #
#                          __code" -DGENERIC=__generic                        #
#                          -DRFD_RCVC_ALWAYS_ON=FALSE -DPOLL_RATE=1000        #
#                          -DQUEUED_POLL_RATE=100 -DRESPONSE_POLL_RATE=100)   #
#                          -DREJOIN_POLL_RATE=440 "D:\简宝山\寿县17-09-01     #
#                          25\程序\无线节点程序\code\Projects\zstack\Samples\ #
#                          SampleApp\Source\hardware\wdt.c" -D NWK_AUTO_POLL  #
#                          -D ZTOOL_P1 -D xMT_TASK -D xMT_SYS_FUNC -D         #
#                          xMT_ZDO_FUNC -D xLCD_SUPPORTED=DEBUG -lC           #
#                          "D:\简宝山\寿县17-09-01 25\程序\无线节点程序\code\ #
#                          Projects\zstack\Samples\SampleApp\CC2530DB\EndDevi #
#                          ceEB\List\" -lA "D:\简宝山\寿县17-09-01            #
#                          25\程序\无线节点程序\code\Projects\zstack\Samples\ #
#                          SampleApp\CC2530DB\EndDeviceEB\List\"              #
#                          --diag_suppress Pe001,Pa010 -o                     #
#                          "D:\简宝山\寿县17-09-01 25\程序\无线节点程序\code\ #
#                          Projects\zstack\Samples\SampleApp\CC2530DB\EndDevi #
#                          ceEB\Obj\" -e --no_code_motion --debug             #
#                          --core=plain --dptr=16,1 --data_model=large        #
#                          --code_model=banked --calling_convention=xdata_ree #
#                          ntrant --place_constants=data_rom                  #
#                          --nr_virtual_regs 8 -I "D:\简宝山\寿县17-09-01     #
#                          25\程序\无线节点程序\code\Projects\zstack\Samples\ #
#                          SampleApp\CC2530DB\" -I "D:\简宝山\寿县17-09-01    #
#                          25\程序\无线节点程序\code\Projects\zstack\Samples\ #
#                          SampleApp\CC2530DB\..\Source\" -I                  #
#                          "D:\简宝山\寿县17-09-01 25\程序\无线节点程序\code\ #
#                          Projects\zstack\Samples\SampleApp\CC2530DB\..\Sour #
#                          ce\hardware\" -I "D:\简宝山\寿县17-09-01           #
#                          25\程序\无线节点程序\code\Projects\zstack\Samples\ #
#                          SampleApp\CC2530DB\..\..\..\ZMain\TI2530DB\" -I    #
#                          "D:\简宝山\寿县17-09-01 25\程序\无线节点程序\code\ #
#                          Projects\zstack\Samples\SampleApp\CC2530DB\..\..\. #
#                          .\..\..\Components\hal\include\" -I                #
#                          "D:\简宝山\寿县17-09-01 25\程序\无线节点程序\code\ #
#                          Projects\zstack\Samples\SampleApp\CC2530DB\..\..\. #
#                          .\..\..\Components\hal\target\CC2530EB\" -I        #
#                          "D:\简宝山\寿县17-09-01 25\程序\无线节点程序\code\ #
#                          Projects\zstack\Samples\SampleApp\CC2530DB\..\..\. #
#                          .\..\..\Components\mac\include\" -I                #
#                          "D:\简宝山\寿县17-09-01 25\程序\无线节点程序\code\ #
#                          Projects\zstack\Samples\SampleApp\CC2530DB\..\..\. #
#                          .\..\..\Components\mac\high_level\" -I             #
#                          "D:\简宝山\寿县17-09-01 25\程序\无线节点程序\code\ #
#                          Projects\zstack\Samples\SampleApp\CC2530DB\..\..\. #
#                          .\..\..\Components\mac\low_level\srf04\" -I        #
#                          "D:\简宝山\寿县17-09-01 25\程序\无线节点程序\code\ #
#                          Projects\zstack\Samples\SampleApp\CC2530DB\..\..\. #
#                          .\..\..\Components\mac\low_level\srf04\single_chip #
#                          \" -I "D:\简宝山\寿县17-09-01                      #
#                          25\程序\无线节点程序\code\Projects\zstack\Samples\ #
#                          SampleApp\CC2530DB\..\..\..\..\..\Components\mt\"  #
#                          -I "D:\简宝山\寿县17-09-01                         #
#                          25\程序\无线节点程序\code\Projects\zstack\Samples\ #
#                          SampleApp\CC2530DB\..\..\..\..\..\Components\osal\ #
#                          include\" -I "D:\简宝山\寿县17-09-01               #
#                          25\程序\无线节点程序\code\Projects\zstack\Samples\ #
#                          SampleApp\CC2530DB\..\..\..\..\..\Components\servi #
#                          ces\saddr\" -I "D:\简宝山\寿县17-09-01             #
#                          25\程序\无线节点程序\code\Projects\zstack\Samples\ #
#                          SampleApp\CC2530DB\..\..\..\..\..\Components\servi #
#                          ces\sdata\" -I "D:\简宝山\寿县17-09-01             #
#                          25\程序\无线节点程序\code\Projects\zstack\Samples\ #
#                          SampleApp\CC2530DB\..\..\..\..\..\Components\stack #
#                          \af\" -I "D:\简宝山\寿县17-09-01                   #
#                          25\程序\无线节点程序\code\Projects\zstack\Samples\ #
#                          SampleApp\CC2530DB\..\..\..\..\..\Components\stack #
#                          \nwk\" -I "D:\简宝山\寿县17-09-01                  #
#                          25\程序\无线节点程序\code\Projects\zstack\Samples\ #
#                          SampleApp\CC2530DB\..\..\..\..\..\Components\stack #
#                          \sapi\" -I "D:\简宝山\寿县17-09-01                 #
#                          25\程序\无线节点程序\code\Projects\zstack\Samples\ #
#                          SampleApp\CC2530DB\..\..\..\..\..\Components\stack #
#                          \sec\" -I "D:\简宝山\寿县17-09-01                  #
#                          25\程序\无线节点程序\code\Projects\zstack\Samples\ #
#                          SampleApp\CC2530DB\..\..\..\..\..\Components\stack #
#                          \sys\" -I "D:\简宝山\寿县17-09-01                  #
#                          25\程序\无线节点程序\code\Projects\zstack\Samples\ #
#                          SampleApp\CC2530DB\..\..\..\..\..\Components\stack #
#                          \zdo\" -I "D:\简宝山\寿县17-09-01                  #
#                          25\程序\无线节点程序\code\Projects\zstack\Samples\ #
#                          SampleApp\CC2530DB\..\..\..\..\..\Components\zmac\ #
#                          " -I "D:\简宝山\寿县17-09-01                       #
#                          25\程序\无线节点程序\code\Projects\zstack\Samples\ #
#                          SampleApp\CC2530DB\..\..\..\..\..\Components\zmac\ #
#                          f8w\" -Ohz --require_prototypes                    #
#    List file          =  D:\简宝山\寿县17-09-01 25\程序\无线节点程序\code\P #
#                          rojects\zstack\Samples\SampleApp\CC2530DB\EndDevic #
#                          eEB\List\wdt.lst                                   #
#    Object file        =  D:\简宝山\寿县17-09-01 25\程序\无线节点程序\code\P #
#                          rojects\zstack\Samples\SampleApp\CC2530DB\EndDevic #
#                          eEB\Obj\wdt.r51                                    #
#                                                                             #
#                                                                             #
###############################################################################

D:\简宝山\寿县17-09-01 25\程序\无线节点程序\code\Projects\zstack\Samples\SampleApp\Source\hardware\wdt.c
      1          #include "wdt.h"

   \                                 In  segment SFR_AN, at 0xc9
   \   unsigned char volatile __sfr WDCTL
   \                     WDCTL:
   \   000000                DS 1
      2          

   \                                 In  segment BANKED_CODE, align 1, keep-with-next
      3          void WDT_Init(void)
   \                     WDT_Init:
      4          {
   \   000000                ; Saved register size: 0
   \   000000                ; Auto size: 0
      5            WDCTL=0x00;
   \   000000   75C900       MOV     0xc9,#0x0
      6            WDCTL|=0x08;   //设置为看门狗模式,间隔1s
   \   000003   43C908       ORL     0xc9,#0x8
      7          }
   \   000006   02....       LJMP    ?BRET
   \   000009                REQUIRE WDCTL
      8          

   \                                 In  segment BANKED_CODE, align 1, keep-with-next
      9          void WDT_Feed(void)   //喂狗
   \                     WDT_Feed:
     10          {
   \   000000                ; Saved register size: 0
   \   000000                ; Auto size: 0
     11            WDCTL=0xA0;
   \   000000   75C9A0       MOV     0xc9,#-0x60
     12            WDCTL=0x50;
   \   000003   75C950       MOV     0xc9,#0x50
     13          }
   \   000006   02....       LJMP    ?BRET
   \   000009                REQUIRE WDCTL

   \                                 In  segment BANK_RELAYS, align 1
   \                     ??WDT_Init?relay:
   \   000000   12....       LCALL   ?BDISPATCH
   \   000003   ......       DC24    WDT_Init

   \                                 In  segment BANK_RELAYS, align 1
   \                     ??WDT_Feed?relay:
   \   000000   12....       LCALL   ?BDISPATCH
   \   000003   ......       DC24    WDT_Feed

   Maximum stack usage in bytes:

   ISTACK Function
   ------ --------
      0   WDT_Feed
      0   WDT_Init


   Segment part sizes:

   Bytes  Function/Label
   -----  --------------
       6  ??WDT_Feed?relay
       6  ??WDT_Init?relay
       1  WDCTL
       9  WDT_Feed
       9  WDT_Init

 
 18 bytes in segment BANKED_CODE
 12 bytes in segment BANK_RELAYS
  1 byte  in segment SFR_AN
 
 30 bytes of CODE memory
  0 bytes of DATA memory (+ 1 byte shared)

Errors: none
Warnings: none
